<?xml version="1.0" encoding="UTF-8"?>
<!-- Generated by org.testng.reporters.JUnitReportReporter -->
<testsuite hostname="DESKTOP-C1M9HVI" failures="0" tests="1" name="test.Demo2" time="0.001" errors="0" timestamp="2022-04-05T17:32:19 IST" skipped="0">
  <testcase classname="test.Demo2" name="ploan" time="0.001"/>
  <system-out/>
</testsuite> <!-- test.Demo2 -->
