<?xml version="1.0" encoding="UTF-8"?>
<!-- Generated by org.testng.reporters.JUnitReportReporter -->
<testsuite hostname="DESKTOP-C1M9HVI" failures="0" tests="2" name="test.Demo" time="0.015" errors="0" timestamp="2022-04-04T16:17:05 IST" skipped="0">
  <testcase classname="test.Demo" name="TC2" time="0.003"/>
  <system-out/>
  <testcase classname="test.Demo" name="TC1" time="0.012"/>
  <system-out/>
</testsuite> <!-- test.Demo -->
