<?xml version="1.0" encoding="UTF-8"?>
<!-- Generated by org.testng.reporters.JUnitReportReporter -->
<testsuite hostname="DESKTOP-C1M9HVI" failures="0" tests="2" name="test.Demo1" time="0.007" errors="0" timestamp="2022-04-05T17:32:19 IST" skipped="0">
  <testcase classname="test.Demo1" name="TC1" time="0.005"/>
  <system-out/>
  <testcase classname="test.Demo1" name="TC2" time="0.002"/>
  <system-out/>
</testsuite> <!-- test.Demo1 -->
