<?xml version="1.0" encoding="UTF-8"?>
<!-- Generated by org.testng.reporters.JUnitReportReporter -->
<testsuite hostname="DESKTOP-C1M9HVI" failures="0" tests="2" name="test.Demo3" time="0.005" errors="0" timestamp="2022-04-05T17:32:19 IST" skipped="1">
  <testcase classname="test.Demo3" name="WebLoginCarLoan" time="0.005"/>
  <system-out/>
  <testcase classname="test.Demo3" name="APILoginCarLoan">
    <skipped/>
  </testcase> <!-- APILoginCarLoan -->
  <system-out/>
</testsuite> <!-- test.Demo3 -->
