<?xml version="1.0" encoding="UTF-8"?>
<!-- Generated by org.testng.reporters.JUnitReportReporter -->
<testsuite hostname="DESKTOP-C1M9HVI" failures="0" tests="3" name="test.Demo4" time="0.010" errors="0" timestamp="2022-04-05T17:32:19 IST" skipped="1">
  <testcase classname="test.Demo4" name="APILoginCarLoan" time="0.001"/>
  <system-out/>
  <testcase classname="test.Demo4" name="AddParameters" time="0.009"/>
  <system-out/>
  <testcase classname="test.Demo4" name="DefectTc">
    <skipped/>
  </testcase> <!-- DefectTc -->
  <system-out/>
</testsuite> <!-- test.Demo4 -->
